Arguments: 
  /usr/bin/node /usr/share/yarn/bin/yarn.js init

PATH: 
  /home/winter99/.bun/bin:/usr/local/sbin:/usr/local/bin:/usr/sbin:/usr/bin:/sbin:/bin:/usr/games:/usr/local/games:/usr/lib/wsl/lib:/mnt/c/Python312/Scripts/:/mnt/c/Python312/:/mnt/c/Program Files (x86)/Common Files/Intel/Shared Libraries/redist/intel64/compiler:/mnt/c/Program Files/Microsoft/jdk-11.0.12.7-hotspot/bin:/mnt/c/Program Files (x86)/Razer Chroma SDK/bin:/mnt/c/Program Files/Razer Chroma SDK/bin:/mnt/c/Program Files (x86)/Razer/ChromaBroadcast/bin:/mnt/c/Program Files/Razer/ChromaBroadcast/bin:/mnt/c/windows/system32:/mnt/c/windows:/mnt/c/windows/System32/Wbem:/mnt/c/windows/System32/WindowsPowerShell/v1.0/:/mnt/c/windows/System32/OpenSSH/:/mnt/c/Program Files (x86)/Intel/Intel(R) Management Engine Components/DAL:/mnt/c/Program Files/Intel/Intel(R) Management Engine Components/DAL:/mnt/c/Program Files (x86)/NVIDIA Corporation/PhysX/Common:/mnt/c/WINDOWS/system32:/mnt/c/WINDOWS:/mnt/c/WINDOWS/System32/Wbem:/mnt/c/WINDOWS/System32/WindowsPowerShell/v1.0/:/mnt/c/WINDOWS/System32/OpenSSH/:/mnt/c/Users/miste/AppData/Local/Microsoft/WindowsApps:/mnt/c/Users/space/AppData/Local/Microsoft/WindowsApps:/mnt/c/Program Files/dotnet/:/mnt/c/Users/miste/AppData/Local/Microsoft/WindowsApps/PythonSoftwareFoundation.Python.3.10_qbz5n2kfra8p0/Scripts:/mnt/c/users/miste/appdata/local/packages/pythonsoftwarefoundation.python.3.10_qbz5n2kfra8p0/localcache/local-packages/python310/scripts:/mnt/c/Program Files/NVIDIA Corporation/NVIDIA NvDLISR:/mnt/c/WINDOWS/system32:/mnt/c/WINDOWS:/mnt/c/WINDOWS/System32/Wbem:/mnt/c/WINDOWS/System32/WindowsPowerShell/v1.0/:/mnt/c/WINDOWS/System32/OpenSSH/:/mnt/c/Program Files/Git/cmd:/mnt/c/Program Files/GitHub CLI/:/mnt/c/Program Files/Docker/Docker/resources/bin:/mnt/c/Program Files/nodejs/:/mnt/c/ProgramData/chocolatey/bin:/mnt/c/Users/miste/.cargo/bin:/mnt/c/Users/miste/AppData/Local/Microsoft/WindowsApps/PythonSoftwareFoundation.Python.3.10_qbz5n2kfra8p0/Scripts:/mnt/c/Users/miste/AppData/Local/Microsoft/WindowsApps:/mnt/c/Users/miste/.dotnet/tools:/mnt/c/Program Files (x86)/Geth/:/mnt/c/Users/miste/AppData/Local/Programs/Microsoft VS Code/bin:/mnt/c/Users/miste/AppData/Roaming/npm:/snap/bin:/home/winter99/.foundry/bin

Yarn version: 
  1.22.19

Node version: 
  12.22.9

Platform: 
  linux x64

Trace: 
  Error: canceled
      at Interface.<anonymous> (/usr/share/yarn/lib/cli.js:137150:13)
      at Interface.emit (events.js:314:20)
      at Interface._ttyWrite (readline.js:868:16)
      at ReadStream.onkeypress (readline.js:205:10)
      at ReadStream.emit (events.js:314:20)
      at emitKeys (internal/readline/utils.js:335:14)
      at emitKeys.next (<anonymous>)
      at ReadStream.onData (readline.js:1137:36)
      at ReadStream.emit (events.js:314:20)
      at addChunk (_stream_readable.js:297:12)

npm manifest: 
  {
    "name": "hardhat-project",
    "devDependencies": {
      "@openzeppelin/contracts": "^5.0.0",
      "@types/chai": "^4.3.10",
      "@types/mocha": "^10.0.4",
      "dotenv": "^16.3.1",
      "hardhat-deploy-ethers": "^0.4.1",
      "ts-node": "^10.9.1"
    }
  }

yarn manifest: 
  No manifest

Lockfile: 
  No lockfile
